<?xml version="1.0" encoding="UTF-8"?>
<testng-results skipped="0" failed="0" total="1" passed="1">
  <reporter-output>
  </reporter-output>
  <suite name="Default suite" duration-ms="30978" started-at="2021-09-26T09:10:17Z" finished-at="2021-09-26T09:10:48Z">
    <groups>
    </groups>
    <test name="Default test" duration-ms="30978" started-at="2021-09-26T09:10:17Z" finished-at="2021-09-26T09:10:48Z">
      <class name="com.tasks.CalculatorOperation">
        <test-method status="PASS" signature="calculatoroperation()[pri:0, instance:com.tasks.CalculatorOperation@4fe3c938]" name="calculatoroperation" duration-ms="30958" started-at="2021-09-26T14:40:18Z" finished-at="2021-09-26T14:40:48Z">
          <reporter-output>
          </reporter-output>
        </test-method> <!-- calculatoroperation -->
      </class> <!-- com.tasks.CalculatorOperation -->
    </test> <!-- Default test -->
  </suite> <!-- Default suite -->
</testng-results>
